{"C:\\Users\\leona\\OneDrive\\Documentos\\projects\\server-provider\\src\\user-cases\\transactions\\transactionsUseCases.ts": {"path":"C:\\Users\\leona\\OneDrive\\Documentos\\projects\\server-provider\\src\\user-cases\\transactions\\transactionsUseCases.ts","all":false,"statementMap":{"0":{"start":{"line":1,"column":0},"end":{"line":1,"column":26}},"1":{"start":{"line":2,"column":0},"end":{"line":2,"column":53}},"2":{"start":{"line":3,"column":0},"end":{"line":3,"column":47}},"3":{"start":{"line":4,"column":0},"end":{"line":4,"column":0}},"4":{"start":{"line":5,"column":0},"end":{"line":5,"column":76}},"5":{"start":{"line":6,"column":0},"end":{"line":6,"column":0}},"6":{"start":{"line":7,"column":0},"end":{"line":7,"column":30}},"7":{"start":{"line":8,"column":0},"end":{"line":8,"column":22}},"8":{"start":{"line":9,"column":0},"end":{"line":9,"column":13}},"9":{"start":{"line":10,"column":0},"end":{"line":10,"column":16}},"10":{"start":{"line":11,"column":0},"end":{"line":11,"column":21}},"11":{"start":{"line":12,"column":0},"end":{"line":12,"column":18}},"12":{"start":{"line":13,"column":0},"end":{"line":13,"column":27}},"13":{"start":{"line":14,"column":0},"end":{"line":14,"column":19}},"14":{"start":{"line":15,"column":0},"end":{"line":15,"column":16}},"15":{"start":{"line":16,"column":0},"end":{"line":16,"column":4}},"16":{"start":{"line":17,"column":0},"end":{"line":17,"column":9}},"17":{"start":{"line":18,"column":0},"end":{"line":18,"column":14}},"18":{"start":{"line":19,"column":0},"end":{"line":19,"column":23}},"19":{"start":{"line":20,"column":0},"end":{"line":20,"column":18}},"20":{"start":{"line":21,"column":0},"end":{"line":21,"column":20}},"21":{"start":{"line":22,"column":0},"end":{"line":22,"column":21}},"22":{"start":{"line":23,"column":0},"end":{"line":23,"column":3}},"23":{"start":{"line":24,"column":0},"end":{"line":24,"column":16}},"24":{"start":{"line":25,"column":0},"end":{"line":25,"column":22}},"25":{"start":{"line":26,"column":0},"end":{"line":26,"column":21}},"26":{"start":{"line":27,"column":0},"end":{"line":27,"column":18}},"27":{"start":{"line":28,"column":0},"end":{"line":28,"column":18}},"28":{"start":{"line":29,"column":0},"end":{"line":29,"column":22}},"29":{"start":{"line":30,"column":0},"end":{"line":30,"column":20}},"30":{"start":{"line":31,"column":0},"end":{"line":31,"column":22}},"31":{"start":{"line":32,"column":0},"end":{"line":32,"column":16}},"32":{"start":{"line":33,"column":0},"end":{"line":33,"column":17}},"33":{"start":{"line":34,"column":0},"end":{"line":34,"column":17}},"34":{"start":{"line":35,"column":0},"end":{"line":35,"column":3}},"35":{"start":{"line":36,"column":0},"end":{"line":36,"column":18}},"36":{"start":{"line":37,"column":0},"end":{"line":37,"column":20}},"37":{"start":{"line":38,"column":0},"end":{"line":38,"column":17}},"38":{"start":{"line":39,"column":0},"end":{"line":39,"column":3}},"39":{"start":{"line":40,"column":0},"end":{"line":40,"column":1}},"40":{"start":{"line":41,"column":0},"end":{"line":41,"column":0}},"41":{"start":{"line":42,"column":0},"end":{"line":42,"column":35}},"42":{"start":{"line":43,"column":0},"end":{"line":43,"column":14}},"43":{"start":{"line":44,"column":0},"end":{"line":44,"column":46}},"44":{"start":{"line":45,"column":0},"end":{"line":45,"column":6}},"45":{"start":{"line":46,"column":0},"end":{"line":46,"column":0}},"46":{"start":{"line":47,"column":0},"end":{"line":47,"column":17}},"47":{"start":{"line":48,"column":0},"end":{"line":48,"column":16}},"48":{"start":{"line":49,"column":0},"end":{"line":49,"column":13}},"49":{"start":{"line":50,"column":0},"end":{"line":50,"column":9}},"50":{"start":{"line":51,"column":0},"end":{"line":51,"column":15}},"51":{"start":{"line":52,"column":0},"end":{"line":52,"column":16}},"52":{"start":{"line":53,"column":0},"end":{"line":53,"column":26}},"53":{"start":{"line":54,"column":0},"end":{"line":54,"column":0}},"54":{"start":{"line":55,"column":0},"end":{"line":55,"column":35}},"55":{"start":{"line":56,"column":0},"end":{"line":56,"column":22}},"56":{"start":{"line":57,"column":0},"end":{"line":57,"column":69}},"57":{"start":{"line":58,"column":0},"end":{"line":58,"column":5}},"58":{"start":{"line":59,"column":0},"end":{"line":59,"column":0}},"59":{"start":{"line":60,"column":0},"end":{"line":60,"column":64}},"60":{"start":{"line":61,"column":0},"end":{"line":61,"column":72}},"61":{"start":{"line":62,"column":0},"end":{"line":62,"column":5}},"62":{"start":{"line":63,"column":0},"end":{"line":63,"column":0}},"63":{"start":{"line":64,"column":0},"end":{"line":64,"column":31}},"64":{"start":{"line":65,"column":0},"end":{"line":65,"column":23}},"65":{"start":{"line":66,"column":0},"end":{"line":66,"column":17}},"66":{"start":{"line":67,"column":0},"end":{"line":67,"column":14}},"67":{"start":{"line":68,"column":0},"end":{"line":68,"column":25}},"68":{"start":{"line":69,"column":0},"end":{"line":69,"column":66}},"69":{"start":{"line":70,"column":0},"end":{"line":70,"column":87}},"70":{"start":{"line":71,"column":0},"end":{"line":71,"column":10}},"71":{"start":{"line":72,"column":0},"end":{"line":72,"column":6}},"72":{"start":{"line":73,"column":0},"end":{"line":73,"column":15}},"73":{"start":{"line":74,"column":0},"end":{"line":74,"column":17}},"74":{"start":{"line":75,"column":0},"end":{"line":75,"column":54}},"75":{"start":{"line":76,"column":0},"end":{"line":76,"column":16}},"76":{"start":{"line":77,"column":0},"end":{"line":77,"column":4}},"77":{"start":{"line":78,"column":0},"end":{"line":78,"column":16}},"78":{"start":{"line":79,"column":0},"end":{"line":79,"column":17}},"79":{"start":{"line":80,"column":0},"end":{"line":80,"column":55}},"80":{"start":{"line":81,"column":0},"end":{"line":81,"column":41}},"81":{"start":{"line":82,"column":0},"end":{"line":82,"column":4}},"82":{"start":{"line":83,"column":0},"end":{"line":83,"column":25}},"83":{"start":{"line":84,"column":0},"end":{"line":84,"column":17}},"84":{"start":{"line":85,"column":0},"end":{"line":85,"column":49}},"85":{"start":{"line":86,"column":0},"end":{"line":86,"column":15}},"86":{"start":{"line":87,"column":0},"end":{"line":87,"column":16}},"87":{"start":{"line":88,"column":0},"end":{"line":88,"column":0}},"88":{"start":{"line":89,"column":0},"end":{"line":89,"column":17}},"89":{"start":{"line":90,"column":0},"end":{"line":90,"column":17}},"90":{"start":{"line":91,"column":0},"end":{"line":91,"column":64}},"91":{"start":{"line":92,"column":0},"end":{"line":92,"column":14}},"92":{"start":{"line":93,"column":0},"end":{"line":93,"column":29}},"93":{"start":{"line":94,"column":0},"end":{"line":94,"column":52}},"94":{"start":{"line":95,"column":0},"end":{"line":95,"column":68}},"95":{"start":{"line":96,"column":0},"end":{"line":96,"column":10}},"96":{"start":{"line":97,"column":0},"end":{"line":97,"column":0}},"97":{"start":{"line":98,"column":0},"end":{"line":98,"column":19}},"98":{"start":{"line":99,"column":0},"end":{"line":99,"column":17}},"99":{"start":{"line":100,"column":0},"end":{"line":100,"column":57}},"100":{"start":{"line":101,"column":0},"end":{"line":101,"column":14}},"101":{"start":{"line":102,"column":0},"end":{"line":102,"column":31}},"102":{"start":{"line":103,"column":0},"end":{"line":103,"column":62}},"103":{"start":{"line":104,"column":0},"end":{"line":104,"column":80}},"104":{"start":{"line":105,"column":0},"end":{"line":105,"column":10}},"105":{"start":{"line":106,"column":0},"end":{"line":106,"column":0}},"106":{"start":{"line":107,"column":0},"end":{"line":107,"column":20}},"107":{"start":{"line":108,"column":0},"end":{"line":108,"column":15}},"108":{"start":{"line":109,"column":0},"end":{"line":109,"column":124}},"109":{"start":{"line":110,"column":0},"end":{"line":110,"column":0}},"110":{"start":{"line":111,"column":0},"end":{"line":111,"column":22}},"111":{"start":{"line":112,"column":0},"end":{"line":112,"column":15}},"112":{"start":{"line":113,"column":0},"end":{"line":113,"column":124}},"113":{"start":{"line":114,"column":0},"end":{"line":114,"column":0}},"114":{"start":{"line":115,"column":0},"end":{"line":115,"column":17}},"115":{"start":{"line":116,"column":0},"end":{"line":116,"column":15}},"116":{"start":{"line":117,"column":0},"end":{"line":117,"column":124}},"117":{"start":{"line":118,"column":0},"end":{"line":118,"column":0}},"118":{"start":{"line":119,"column":0},"end":{"line":119,"column":19}},"119":{"start":{"line":120,"column":0},"end":{"line":120,"column":15}},"120":{"start":{"line":121,"column":0},"end":{"line":121,"column":124}},"121":{"start":{"line":122,"column":0},"end":{"line":122,"column":0}},"122":{"start":{"line":123,"column":0},"end":{"line":123,"column":13}},"123":{"start":{"line":124,"column":0},"end":{"line":124,"column":15}},"124":{"start":{"line":125,"column":0},"end":{"line":125,"column":124}},"125":{"start":{"line":126,"column":0},"end":{"line":126,"column":0}},"126":{"start":{"line":127,"column":0},"end":{"line":127,"column":17}},"127":{"start":{"line":128,"column":0},"end":{"line":128,"column":17}},"128":{"start":{"line":129,"column":0},"end":{"line":129,"column":14}},"129":{"start":{"line":130,"column":0},"end":{"line":130,"column":24}},"130":{"start":{"line":131,"column":0},"end":{"line":131,"column":66}},"131":{"start":{"line":132,"column":0},"end":{"line":132,"column":75}},"132":{"start":{"line":133,"column":0},"end":{"line":133,"column":10}},"133":{"start":{"line":134,"column":0},"end":{"line":134,"column":0}},"134":{"start":{"line":135,"column":0},"end":{"line":135,"column":17}},"135":{"start":{"line":136,"column":0},"end":{"line":136,"column":17}},"136":{"start":{"line":137,"column":0},"end":{"line":137,"column":14}},"137":{"start":{"line":138,"column":0},"end":{"line":138,"column":24}},"138":{"start":{"line":139,"column":0},"end":{"line":139,"column":66}},"139":{"start":{"line":140,"column":0},"end":{"line":140,"column":87}},"140":{"start":{"line":141,"column":0},"end":{"line":141,"column":10}},"141":{"start":{"line":142,"column":0},"end":{"line":142,"column":0}},"142":{"start":{"line":143,"column":0},"end":{"line":143,"column":31}},"143":{"start":{"line":144,"column":0},"end":{"line":144,"column":0}},"144":{"start":{"line":145,"column":0},"end":{"line":145,"column":19}},"145":{"start":{"line":146,"column":0},"end":{"line":146,"column":17}},"146":{"start":{"line":147,"column":0},"end":{"line":147,"column":14}},"147":{"start":{"line":148,"column":0},"end":{"line":148,"column":24}},"148":{"start":{"line":149,"column":0},"end":{"line":149,"column":66}},"149":{"start":{"line":150,"column":0},"end":{"line":150,"column":73}},"150":{"start":{"line":151,"column":0},"end":{"line":151,"column":10}},"151":{"start":{"line":152,"column":0},"end":{"line":152,"column":0}},"152":{"start":{"line":153,"column":0},"end":{"line":153,"column":15}},"153":{"start":{"line":154,"column":0},"end":{"line":154,"column":17}},"154":{"start":{"line":155,"column":0},"end":{"line":155,"column":14}},"155":{"start":{"line":156,"column":0},"end":{"line":156,"column":24}},"156":{"start":{"line":157,"column":0},"end":{"line":157,"column":66}},"157":{"start":{"line":158,"column":0},"end":{"line":158,"column":73}},"158":{"start":{"line":159,"column":0},"end":{"line":159,"column":10}},"159":{"start":{"line":160,"column":0},"end":{"line":160,"column":0}},"160":{"start":{"line":161,"column":0},"end":{"line":161,"column":16}},"161":{"start":{"line":162,"column":0},"end":{"line":162,"column":17}},"162":{"start":{"line":163,"column":0},"end":{"line":163,"column":14}},"163":{"start":{"line":164,"column":0},"end":{"line":164,"column":24}},"164":{"start":{"line":165,"column":0},"end":{"line":165,"column":66}},"165":{"start":{"line":166,"column":0},"end":{"line":166,"column":77}},"166":{"start":{"line":167,"column":0},"end":{"line":167,"column":10}},"167":{"start":{"line":168,"column":0},"end":{"line":168,"column":0}},"168":{"start":{"line":169,"column":0},"end":{"line":169,"column":21}},"169":{"start":{"line":170,"column":0},"end":{"line":170,"column":17}},"170":{"start":{"line":171,"column":0},"end":{"line":171,"column":14}},"171":{"start":{"line":172,"column":0},"end":{"line":172,"column":24}},"172":{"start":{"line":173,"column":0},"end":{"line":173,"column":66}},"173":{"start":{"line":174,"column":0},"end":{"line":174,"column":76}},"174":{"start":{"line":175,"column":0},"end":{"line":175,"column":10}},"175":{"start":{"line":176,"column":0},"end":{"line":176,"column":6}},"176":{"start":{"line":177,"column":0},"end":{"line":177,"column":21}},"177":{"start":{"line":178,"column":0},"end":{"line":178,"column":17}},"178":{"start":{"line":179,"column":0},"end":{"line":179,"column":14}},"179":{"start":{"line":180,"column":0},"end":{"line":180,"column":24}},"180":{"start":{"line":181,"column":0},"end":{"line":181,"column":66}},"181":{"start":{"line":182,"column":0},"end":{"line":182,"column":85}},"182":{"start":{"line":183,"column":0},"end":{"line":183,"column":10}},"183":{"start":{"line":184,"column":0},"end":{"line":184,"column":0}},"184":{"start":{"line":185,"column":0},"end":{"line":185,"column":20}},"185":{"start":{"line":186,"column":0},"end":{"line":186,"column":17}},"186":{"start":{"line":187,"column":0},"end":{"line":187,"column":14}},"187":{"start":{"line":188,"column":0},"end":{"line":188,"column":24}},"188":{"start":{"line":189,"column":0},"end":{"line":189,"column":66}},"189":{"start":{"line":190,"column":0},"end":{"line":190,"column":94}},"190":{"start":{"line":191,"column":0},"end":{"line":191,"column":17}},"191":{"start":{"line":192,"column":0},"end":{"line":192,"column":6}},"192":{"start":{"line":193,"column":0},"end":{"line":193,"column":0}},"193":{"start":{"line":194,"column":0},"end":{"line":194,"column":31}},"194":{"start":{"line":195,"column":0},"end":{"line":195,"column":9}},"195":{"start":{"line":196,"column":0},"end":{"line":196,"column":29}},"196":{"start":{"line":197,"column":0},"end":{"line":197,"column":20}},"197":{"start":{"line":198,"column":0},"end":{"line":198,"column":16}},"198":{"start":{"line":199,"column":0},"end":{"line":199,"column":22}},"199":{"start":{"line":200,"column":0},"end":{"line":200,"column":8}},"200":{"start":{"line":201,"column":0},"end":{"line":201,"column":19}},"201":{"start":{"line":202,"column":0},"end":{"line":202,"column":34}},"202":{"start":{"line":203,"column":0},"end":{"line":203,"column":36}},"203":{"start":{"line":204,"column":0},"end":{"line":204,"column":5}},"204":{"start":{"line":205,"column":0},"end":{"line":205,"column":0}},"205":{"start":{"line":206,"column":0},"end":{"line":206,"column":48}},"206":{"start":{"line":207,"column":0},"end":{"line":207,"column":18}},"207":{"start":{"line":208,"column":0},"end":{"line":208,"column":17}},"208":{"start":{"line":209,"column":0},"end":{"line":209,"column":28}},"209":{"start":{"line":210,"column":0},"end":{"line":210,"column":36}},"210":{"start":{"line":211,"column":0},"end":{"line":211,"column":30}},"211":{"start":{"line":212,"column":0},"end":{"line":212,"column":48}},"212":{"start":{"line":213,"column":0},"end":{"line":213,"column":32}},"213":{"start":{"line":214,"column":0},"end":{"line":214,"column":28}},"214":{"start":{"line":215,"column":0},"end":{"line":215,"column":8}},"215":{"start":{"line":216,"column":0},"end":{"line":216,"column":13}},"216":{"start":{"line":217,"column":0},"end":{"line":217,"column":20}},"217":{"start":{"line":218,"column":0},"end":{"line":218,"column":38}},"218":{"start":{"line":219,"column":0},"end":{"line":219,"column":28}},"219":{"start":{"line":220,"column":0},"end":{"line":220,"column":32}},"220":{"start":{"line":221,"column":0},"end":{"line":221,"column":33}},"221":{"start":{"line":222,"column":0},"end":{"line":222,"column":8}},"222":{"start":{"line":223,"column":0},"end":{"line":223,"column":19}},"223":{"start":{"line":224,"column":0},"end":{"line":224,"column":53}},"224":{"start":{"line":225,"column":0},"end":{"line":225,"column":51}},"225":{"start":{"line":226,"column":0},"end":{"line":226,"column":45}},"226":{"start":{"line":227,"column":0},"end":{"line":227,"column":45}},"227":{"start":{"line":228,"column":0},"end":{"line":228,"column":53}},"228":{"start":{"line":229,"column":0},"end":{"line":229,"column":49}},"229":{"start":{"line":230,"column":0},"end":{"line":230,"column":53}},"230":{"start":{"line":231,"column":0},"end":{"line":231,"column":41}},"231":{"start":{"line":232,"column":0},"end":{"line":232,"column":43}},"232":{"start":{"line":233,"column":0},"end":{"line":233,"column":43}},"233":{"start":{"line":234,"column":0},"end":{"line":234,"column":8}},"234":{"start":{"line":235,"column":0},"end":{"line":235,"column":21}},"235":{"start":{"line":236,"column":0},"end":{"line":236,"column":51}},"236":{"start":{"line":237,"column":0},"end":{"line":237,"column":44}},"237":{"start":{"line":238,"column":0},"end":{"line":238,"column":7}},"238":{"start":{"line":239,"column":0},"end":{"line":239,"column":6}},"239":{"start":{"line":240,"column":0},"end":{"line":240,"column":3}},"240":{"start":{"line":241,"column":0},"end":{"line":241,"column":1}}},"s":{"0":1,"1":1,"2":1,"3":1,"4":1,"5":1,"6":1,"7":1,"8":1,"9":1,"10":1,"11":1,"12":1,"13":1,"14":1,"15":1,"16":1,"17":1,"18":1,"19":1,"20":1,"21":1,"22":1,"23":1,"24":1,"25":1,"26":1,"27":1,"28":1,"29":1,"30":1,"31":1,"32":1,"33":1,"34":1,"35":1,"36":1,"37":1,"38":1,"39":1,"40":1,"41":1,"42":1,"43":1,"44":1,"45":1,"46":1,"47":26,"48":26,"49":26,"50":26,"51":26,"52":26,"53":26,"54":26,"55":26,"56":1,"57":1,"58":25,"59":26,"60":1,"61":1,"62":24,"63":24,"64":24,"65":24,"66":24,"67":24,"68":24,"69":48,"70":24,"71":24,"72":24,"73":24,"74":24,"75":24,"76":24,"77":24,"78":24,"79":24,"80":24,"81":24,"82":24,"83":24,"84":24,"85":24,"86":24,"87":24,"88":24,"89":24,"90":24,"91":24,"92":24,"93":24,"94":24,"95":24,"96":24,"97":24,"98":24,"99":24,"100":24,"101":24,"102":24,"103":24,"104":24,"105":24,"106":24,"107":24,"108":24,"109":24,"110":24,"111":24,"112":24,"113":24,"114":24,"115":24,"116":24,"117":24,"118":24,"119":24,"120":24,"121":24,"122":24,"123":24,"124":24,"125":24,"126":24,"127":24,"128":24,"129":24,"130":24,"131":48,"132":24,"133":24,"134":24,"135":24,"136":24,"137":24,"138":24,"139":48,"140":24,"141":24,"142":24,"143":24,"144":24,"145":24,"146":24,"147":24,"148":24,"149":48,"150":24,"151":24,"152":24,"153":24,"154":24,"155":24,"156":24,"157":48,"158":24,"159":24,"160":24,"161":24,"162":24,"163":24,"164":24,"165":48,"166":24,"167":24,"168":24,"169":24,"170":24,"171":24,"172":24,"173":48,"174":24,"175":24,"176":24,"177":24,"178":24,"179":24,"180":24,"181":48,"182":24,"183":24,"184":24,"185":24,"186":24,"187":24,"188":24,"189":48,"190":24,"191":24,"192":24,"193":24,"194":24,"195":24,"196":24,"197":24,"198":24,"199":24,"200":26,"201":22,"202":22,"203":22,"204":2,"205":2,"206":2,"207":2,"208":2,"209":2,"210":2,"211":2,"212":2,"213":2,"214":2,"215":2,"216":2,"217":2,"218":2,"219":2,"220":2,"221":2,"222":2,"223":26,"224":26,"225":26,"226":26,"227":26,"228":26,"229":26,"230":26,"231":26,"232":26,"233":26,"234":26,"235":26,"236":26,"237":26,"238":26,"239":26,"240":1},"branchMap":{"0":{"type":"branch","line":47,"loc":{"start":{"line":47,"column":2},"end":{"line":240,"column":3}},"locations":[{"start":{"line":47,"column":2},"end":{"line":240,"column":3}}]},"1":{"type":"branch","line":56,"loc":{"start":{"line":56,"column":21},"end":{"line":58,"column":5}},"locations":[{"start":{"line":56,"column":21},"end":{"line":58,"column":5}}]},"2":{"type":"branch","line":59,"loc":{"start":{"line":59,"column":-2},"end":{"line":60,"column":34}},"locations":[{"start":{"line":59,"column":-2},"end":{"line":60,"column":34}}]},"3":{"type":"branch","line":60,"loc":{"start":{"line":60,"column":30},"end":{"line":60,"column":61}},"locations":[{"start":{"line":60,"column":30},"end":{"line":60,"column":61}}]},"4":{"type":"branch","line":60,"loc":{"start":{"line":60,"column":63},"end":{"line":62,"column":5}},"locations":[{"start":{"line":60,"column":63},"end":{"line":62,"column":5}}]},"5":{"type":"branch","line":63,"loc":{"start":{"line":63,"column":-2},"end":{"line":200,"column":8}},"locations":[{"start":{"line":63,"column":-2},"end":{"line":200,"column":8}}]},"6":{"type":"branch","line":201,"loc":{"start":{"line":201,"column":-2},"end":{"line":201,"column":6}},"locations":[{"start":{"line":201,"column":-2},"end":{"line":201,"column":6}}]},"7":{"type":"branch","line":201,"loc":{"start":{"line":201,"column":6},"end":{"line":204,"column":5}},"locations":[{"start":{"line":201,"column":6},"end":{"line":204,"column":5}}]},"8":{"type":"branch","line":205,"loc":{"start":{"line":205,"column":-2},"end":{"line":224,"column":30}},"locations":[{"start":{"line":205,"column":-2},"end":{"line":224,"column":30}}]},"9":{"type":"branch","line":224,"loc":{"start":{"line":224,"column":30},"end":{"line":224,"column":42}},"locations":[{"start":{"line":224,"column":30},"end":{"line":224,"column":42}}]},"10":{"type":"branch","line":225,"loc":{"start":{"line":225,"column":29},"end":{"line":225,"column":40}},"locations":[{"start":{"line":225,"column":29},"end":{"line":225,"column":40}}]},"11":{"type":"branch","line":226,"loc":{"start":{"line":226,"column":26},"end":{"line":226,"column":34}},"locations":[{"start":{"line":226,"column":26},"end":{"line":226,"column":34}}]},"12":{"type":"branch","line":227,"loc":{"start":{"line":227,"column":26},"end":{"line":227,"column":34}},"locations":[{"start":{"line":227,"column":26},"end":{"line":227,"column":34}}]},"13":{"type":"branch","line":228,"loc":{"start":{"line":228,"column":30},"end":{"line":228,"column":42}},"locations":[{"start":{"line":228,"column":30},"end":{"line":228,"column":42}}]},"14":{"type":"branch","line":229,"loc":{"start":{"line":229,"column":28},"end":{"line":229,"column":38}},"locations":[{"start":{"line":229,"column":28},"end":{"line":229,"column":38}}]},"15":{"type":"branch","line":230,"loc":{"start":{"line":230,"column":30},"end":{"line":230,"column":42}},"locations":[{"start":{"line":230,"column":30},"end":{"line":230,"column":42}}]},"16":{"type":"branch","line":231,"loc":{"start":{"line":231,"column":24},"end":{"line":231,"column":30}},"locations":[{"start":{"line":231,"column":24},"end":{"line":231,"column":30}}]},"17":{"type":"branch","line":232,"loc":{"start":{"line":232,"column":25},"end":{"line":232,"column":32}},"locations":[{"start":{"line":232,"column":25},"end":{"line":232,"column":32}}]},"18":{"type":"branch","line":233,"loc":{"start":{"line":233,"column":25},"end":{"line":233,"column":32}},"locations":[{"start":{"line":233,"column":25},"end":{"line":233,"column":32}}]},"19":{"type":"branch","line":236,"loc":{"start":{"line":236,"column":30},"end":{"line":236,"column":40}},"locations":[{"start":{"line":236,"column":30},"end":{"line":236,"column":40}}]},"20":{"type":"branch","line":237,"loc":{"start":{"line":237,"column":27},"end":{"line":237,"column":34}},"locations":[{"start":{"line":237,"column":27},"end":{"line":237,"column":34}}]},"21":{"type":"branch","line":69,"loc":{"start":{"line":69,"column":10},"end":{"line":70,"column":87}},"locations":[{"start":{"line":69,"column":10},"end":{"line":70,"column":87}}]},"22":{"type":"branch","line":69,"loc":{"start":{"line":69,"column":63},"end":{"line":70,"column":77}},"locations":[{"start":{"line":69,"column":63},"end":{"line":70,"column":77}}]},"23":{"type":"branch","line":94,"loc":{"start":{"line":94,"column":29},"end":{"line":95,"column":66}},"locations":[{"start":{"line":94,"column":29},"end":{"line":95,"column":66}}]},"24":{"type":"branch","line":103,"loc":{"start":{"line":103,"column":31},"end":{"line":104,"column":69}},"locations":[{"start":{"line":103,"column":31},"end":{"line":104,"column":69}}]},"25":{"type":"branch","line":104,"loc":{"start":{"line":104,"column":31},"end":{"line":104,"column":69}},"locations":[{"start":{"line":104,"column":31},"end":{"line":104,"column":69}}]},"26":{"type":"branch","line":131,"loc":{"start":{"line":131,"column":10},"end":{"line":132,"column":75}},"locations":[{"start":{"line":131,"column":10},"end":{"line":132,"column":75}}]},"27":{"type":"branch","line":131,"loc":{"start":{"line":131,"column":63},"end":{"line":132,"column":65}},"locations":[{"start":{"line":131,"column":63},"end":{"line":132,"column":65}}]},"28":{"type":"branch","line":139,"loc":{"start":{"line":139,"column":10},"end":{"line":140,"column":87}},"locations":[{"start":{"line":139,"column":10},"end":{"line":140,"column":87}}]},"29":{"type":"branch","line":139,"loc":{"start":{"line":139,"column":63},"end":{"line":140,"column":77}},"locations":[{"start":{"line":139,"column":63},"end":{"line":140,"column":77}}]},"30":{"type":"branch","line":149,"loc":{"start":{"line":149,"column":10},"end":{"line":150,"column":73}},"locations":[{"start":{"line":149,"column":10},"end":{"line":150,"column":73}}]},"31":{"type":"branch","line":149,"loc":{"start":{"line":149,"column":63},"end":{"line":150,"column":63}},"locations":[{"start":{"line":149,"column":63},"end":{"line":150,"column":63}}]},"32":{"type":"branch","line":157,"loc":{"start":{"line":157,"column":10},"end":{"line":158,"column":73}},"locations":[{"start":{"line":157,"column":10},"end":{"line":158,"column":73}}]},"33":{"type":"branch","line":157,"loc":{"start":{"line":157,"column":63},"end":{"line":158,"column":63}},"locations":[{"start":{"line":157,"column":63},"end":{"line":158,"column":63}}]},"34":{"type":"branch","line":165,"loc":{"start":{"line":165,"column":10},"end":{"line":166,"column":77}},"locations":[{"start":{"line":165,"column":10},"end":{"line":166,"column":77}}]},"35":{"type":"branch","line":165,"loc":{"start":{"line":165,"column":63},"end":{"line":166,"column":67}},"locations":[{"start":{"line":165,"column":63},"end":{"line":166,"column":67}}]},"36":{"type":"branch","line":173,"loc":{"start":{"line":173,"column":10},"end":{"line":174,"column":76}},"locations":[{"start":{"line":173,"column":10},"end":{"line":174,"column":76}}]},"37":{"type":"branch","line":173,"loc":{"start":{"line":173,"column":63},"end":{"line":174,"column":66}},"locations":[{"start":{"line":173,"column":63},"end":{"line":174,"column":66}}]},"38":{"type":"branch","line":181,"loc":{"start":{"line":181,"column":10},"end":{"line":182,"column":85}},"locations":[{"start":{"line":181,"column":10},"end":{"line":182,"column":85}}]},"39":{"type":"branch","line":181,"loc":{"start":{"line":181,"column":63},"end":{"line":182,"column":75}},"locations":[{"start":{"line":181,"column":63},"end":{"line":182,"column":75}}]},"40":{"type":"branch","line":189,"loc":{"start":{"line":189,"column":10},"end":{"line":190,"column":94}},"locations":[{"start":{"line":189,"column":10},"end":{"line":190,"column":94}}]},"41":{"type":"branch","line":189,"loc":{"start":{"line":189,"column":63},"end":{"line":190,"column":84}},"locations":[{"start":{"line":189,"column":63},"end":{"line":190,"column":84}}]},"42":{"type":"branch","line":43,"loc":{"start":{"line":43,"column":2},"end":{"line":45,"column":6}},"locations":[{"start":{"line":43,"column":2},"end":{"line":45,"column":6}}]}},"b":{"0":[26],"1":[1],"2":[25],"3":[2],"4":[1],"5":[24],"6":[2],"7":[22],"8":[2],"9":[1],"10":[1],"11":[1],"12":[1],"13":[1],"14":[1],"15":[1],"16":[1],"17":[1],"18":[1],"19":[1],"20":[1],"21":[48],"22":[0],"23":[24],"24":[24],"25":[1],"26":[48],"27":[0],"28":[48],"29":[0],"30":[48],"31":[0],"32":[48],"33":[0],"34":[48],"35":[0],"36":[48],"37":[0],"38":[48],"39":[0],"40":[48],"41":[0],"42":[1]},"fnMap":{"0":{"name":"execute","decl":{"start":{"line":47,"column":2},"end":{"line":240,"column":3}},"loc":{"start":{"line":47,"column":2},"end":{"line":240,"column":3}},"line":47},"1":{"name":"TransactionsUseCases","decl":{"start":{"line":43,"column":2},"end":{"line":45,"column":6}},"loc":{"start":{"line":43,"column":2},"end":{"line":45,"column":6}},"line":43}},"f":{"0":26,"1":1}}
}
