TN:
SF:src\user-cases\transactions\transactionsUseCases.ts
FN:47,execute
FN:43,TransactionsUseCases
FNF:2
FNH:2
FNDA:26,execute
FNDA:1,TransactionsUseCases
DA:1,1
DA:2,1
DA:3,1
DA:4,1
DA:5,1
DA:6,1
DA:7,1
DA:8,1
DA:9,1
DA:10,1
DA:11,1
DA:12,1
DA:13,1
DA:14,1
DA:15,1
DA:16,1
DA:17,1
DA:18,1
DA:19,1
DA:20,1
DA:21,1
DA:22,1
DA:23,1
DA:24,1
DA:25,1
DA:26,1
DA:27,1
DA:28,1
DA:29,1
DA:30,1
DA:31,1
DA:32,1
DA:33,1
DA:34,1
DA:35,1
DA:36,1
DA:37,1
DA:38,1
DA:39,1
DA:40,1
DA:41,1
DA:42,1
DA:43,1
DA:44,1
DA:45,1
DA:46,1
DA:47,1
DA:48,26
DA:49,26
DA:50,26
DA:51,26
DA:52,26
DA:53,26
DA:54,26
DA:55,26
DA:56,26
DA:57,1
DA:58,1
DA:59,25
DA:60,26
DA:61,1
DA:62,1
DA:63,24
DA:64,24
DA:65,24
DA:66,24
DA:67,24
DA:68,24
DA:69,24
DA:70,48
DA:71,24
DA:72,24
DA:73,24
DA:74,24
DA:75,24
DA:76,24
DA:77,24
DA:78,24
DA:79,24
DA:80,24
DA:81,24
DA:82,24
DA:83,24
DA:84,24
DA:85,24
DA:86,24
DA:87,24
DA:88,24
DA:89,24
DA:90,24
DA:91,24
DA:92,24
DA:93,24
DA:94,24
DA:95,24
DA:96,24
DA:97,24
DA:98,24
DA:99,24
DA:100,24
DA:101,24
DA:102,24
DA:103,24
DA:104,24
DA:105,24
DA:106,24
DA:107,24
DA:108,24
DA:109,24
DA:110,24
DA:111,24
DA:112,24
DA:113,24
DA:114,24
DA:115,24
DA:116,24
DA:117,24
DA:118,24
DA:119,24
DA:120,24
DA:121,24
DA:122,24
DA:123,24
DA:124,24
DA:125,24
DA:126,24
DA:127,24
DA:128,24
DA:129,24
DA:130,24
DA:131,24
DA:132,48
DA:133,24
DA:134,24
DA:135,24
DA:136,24
DA:137,24
DA:138,24
DA:139,24
DA:140,48
DA:141,24
DA:142,24
DA:143,24
DA:144,24
DA:145,24
DA:146,24
DA:147,24
DA:148,24
DA:149,24
DA:150,48
DA:151,24
DA:152,24
DA:153,24
DA:154,24
DA:155,24
DA:156,24
DA:157,24
DA:158,48
DA:159,24
DA:160,24
DA:161,24
DA:162,24
DA:163,24
DA:164,24
DA:165,24
DA:166,48
DA:167,24
DA:168,24
DA:169,24
DA:170,24
DA:171,24
DA:172,24
DA:173,24
DA:174,48
DA:175,24
DA:176,24
DA:177,24
DA:178,24
DA:179,24
DA:180,24
DA:181,24
DA:182,48
DA:183,24
DA:184,24
DA:185,24
DA:186,24
DA:187,24
DA:188,24
DA:189,24
DA:190,48
DA:191,24
DA:192,24
DA:193,24
DA:194,24
DA:195,24
DA:196,24
DA:197,24
DA:198,24
DA:199,24
DA:200,24
DA:201,26
DA:202,22
DA:203,22
DA:204,22
DA:205,2
DA:206,2
DA:207,2
DA:208,2
DA:209,2
DA:210,2
DA:211,2
DA:212,2
DA:213,2
DA:214,2
DA:215,2
DA:216,2
DA:217,2
DA:218,2
DA:219,2
DA:220,2
DA:221,2
DA:222,2
DA:223,2
DA:224,26
DA:225,26
DA:226,26
DA:227,26
DA:228,26
DA:229,26
DA:230,26
DA:231,26
DA:232,26
DA:233,26
DA:234,26
DA:235,26
DA:236,26
DA:237,26
DA:238,26
DA:239,26
DA:240,26
DA:241,1
LF:241
LH:241
BRDA:47,0,0,26
BRDA:56,1,0,1
BRDA:59,2,0,25
BRDA:60,3,0,2
BRDA:60,4,0,1
BRDA:63,5,0,24
BRDA:201,6,0,2
BRDA:201,7,0,22
BRDA:205,8,0,2
BRDA:224,9,0,1
BRDA:225,10,0,1
BRDA:226,11,0,1
BRDA:227,12,0,1
BRDA:228,13,0,1
BRDA:229,14,0,1
BRDA:230,15,0,1
BRDA:231,16,0,1
BRDA:232,17,0,1
BRDA:233,18,0,1
BRDA:236,19,0,1
BRDA:237,20,0,1
BRDA:69,21,0,48
BRDA:69,22,0,0
BRDA:94,23,0,24
BRDA:103,24,0,24
BRDA:104,25,0,1
BRDA:131,26,0,48
BRDA:131,27,0,0
BRDA:139,28,0,48
BRDA:139,29,0,0
BRDA:149,30,0,48
BRDA:149,31,0,0
BRDA:157,32,0,48
BRDA:157,33,0,0
BRDA:165,34,0,48
BRDA:165,35,0,0
BRDA:173,36,0,48
BRDA:173,37,0,0
BRDA:181,38,0,48
BRDA:181,39,0,0
BRDA:189,40,0,48
BRDA:189,41,0,0
BRDA:43,42,0,1
BRF:43
BRH:34
end_of_record
